  TimeWindow  TotalIterations  Iterations  Convergence  QNColumns  DeletedQNColumns  DroppedQNColumns
     1       1       1       1       0       0       0
     2       2       1       1       0       0       0
     3       3       1       1       0       0       0
     4       4       1       1       0       0       0
     5       5       1       1       0       0       0
     6       6       1       1       0       0       0
     7       7       1       1       0       0       0
     8       8       1       1       0       0       0
     9       9       1       1       0       0       0
    10      10       1       1       0       0       0
    11      11       1       1       0       0       0
    12      12       1       1       0       0       0
    13      13       1       1       0       0       0
    14      14       1       1       0       0       0
    15      15       1       1       0       0       0
    16      16       1       1       0       0       0
    17      17       1       1       0       0       0
    18      18       1       1       0       0       0
    19      19       1       1       0       0       0
    20      20       1       1       0       0       0
    21      21       1       1       0       0       0
    22      22       1       1       0       0       0
    23      23       1       1       0       0       0
    24      24       1       1       0       0       0
    25      25       1       1       0       0       0
    26      26       1       1       0       0       0
    27      27       1       1       0       0       0
    28      28       1       1       0       0       0
    29      29       1       1       0       0       0
    30      30       1       1       0       0       0
    31      31       1       1       0       0       0
    32      32       1       1       0       0       0
    33      33       1       1       0       0       0
    34      34       1       1       0       0       0
    35      35       1       1       0       0       0
    36      36       1       1       0       0       0
    37      37       1       1       0       0       0
    38      38       1       1       0       0       0
    39      39       1       1       0       0       0
    40      40       1       1       0       0       0
    41      41       1       1       0       0       0
    42      42       1       1       0       0       0
    43      43       1       1       0       0       0
    44      44       1       1       0       0       0
    45      45       1       1       0       0       0
    46      46       1       1       0       0       0
    47      47       1       1       0       0       0
    48      48       1       1       0       0       0
    49      49       1       1       0       0       0
    50      50       1       1       0       0       0
    51      51       1       1       0       0       0
    52      52       1       1       0       0       0
    53      53       1       1       0       0       0
    54      54       1       1       0       0       0
    55      55       1       1       0       0       0
    56      56       1       1       0       0       0
    57      57       1       1       0       0       0
    58      58       1       1       0       0       0
    59      59       1       1       0       0       0
    60      60       1       1       0       0       0
    61      61       1       1       0       0       0
    62      62       1       1       0       0       0
    63      63       1       1       0       0       0
    64      64       1       1       0       0       0
    65      65       1       1       0       0       0
    66      66       1       1       0       0       0
    67      91      25       0       6      18       0
    68     116      25       0      21       9       0
    69     141      25       0      28      17       0
    70     156      15       1      28      14       0
    71     163       7       1      32       2       0
    72     170       7       1      30       8       0
    73     176       6       1      23      12       0
    74     201      25       0      40       7       0
    75     226      25       0      40      16       8
    76     251      25       0      30      33       1
    77     276      25       0      26      28       0
    78     301      25       0      20      30       0
    79     326      25       0      28      16       0
    80     351      25       0      28      24       0
    81     365      14       1      21      20       0
    82     386      21       1      32       9       0
    83     411      25       0      33      23       0
    84     436      25       0      28      29       0
    85     461      25       0      25      27       0
    86     470       9       1      26       7       0
    87     476       6       1      28       3       0
    88     480       4       1      28       3       0
    89     505      25       0      31      21       0
    90     521      16       1      34      12       0
    91     529       8       1      33       8       0
    92     554      25       0      39      14       4
    93     577      23       1      31      30       0
    94     595      18       1      36      12       0
    95     620      25       0      37      23       0
    96     645      25       0      24      37       0
    97     652       7       1      21       9       0
    98     656       4       1      20       4       0
    99     661       5       1      21       3       0
   100     674      13       1      30       3       0
   101     699      25       0      38      16       0
   102     708       9       1      22      24       0
   103     716       8       1      24       5       0
   104     721       5       1      19       9       0
   105     746      25       0      39       4       0
   106     764      18       1      36      20       0
   107     789      25       0      40      18       2
   108     814      25       0      38      26       0
   109     839      25       0      40      20       2
   110     854      15       1      34      20       0
   111     860       6       1      24      15       0
   112     874      14       1      22      15       0
   113     899      25       0      37       9       0
   114     913      14       1      26      24       0
   115     921       8       1      21      12       0
   116     946      25       0      34      11       0
   117     971      25       0      36      22       0
   118     996      25       0      37      23       0
   119    1006      10       1      26      20       0
   120    1011       5       1      21       9       0
   121    1017       6       1      18       8       0
   122    1042      25       0      34       8       0
   123    1067      25       0      40      14       4
   124    1080      13       1      27      25       0
   125    1088       8       1      27       7       0
   126    1094       6       1      22      10       0
   127    1100       6       1      25       2       0
   128    1108       8       1      26       6       0
   129    1133      25       0      35      15       0
   130    1158      25       0      39      20       0
   131    1171      13       1      33      18       0
   132    1179       8       1      29      11       0
   133    1186       7       1      24      11       0
   134    1190       4       1      17      10       0
   135    1215      25       0      36       5       0
   136    1240      25       0      40      18       2
   137    1252      12       1      24      27       0
   138    1277      25       0      33      15       0
   139    1300      23       1      37      18       0
   140    1319      19       1      34      21       0
   141    1344      25       0      33      25       0
   142    1369      25       0      37      20       0
   143    1391      22       1      38      20       0
   144    1400       9       1      32      14       0
   145    1409       9       1      32       8       0
   146    1416       7       1      24      14       0
   147    1422       6       1      23       6       0
   148    1429       7       1      20       9       0
   149    1433       4       1      17       6       0
   150    1458      25       0      31      10       0
   151    1483      25       0      37      18       0
   152    1497      14       1      34      16       0
   153    1502       5       1      31       7       0
   154    1508       6       1      32       4       0
   155    1512       4       1      26       9       0
   156    1515       3       1      22       6       0
   157    1518       3       1      18       6       0
   158    1521       3       1      17       3       0
   159    1524       3       1      19       0       0
   160    1527       3       1      21       0       0
   161    1531       4       1      21       3       0
   162    1535       4       1      19       5       0
   163    1538       3       1      20       1       0
   164    1541       3       1      21       1       0
   165    1543       2       1      21       1       0
   166    1546       3       1      20       3       0
   167    1549       3       1      19       3       0
   168    1552       3       1      19       2       0
   169    1556       4       1      21       1       0
   170    1558       2       1      21       1       0
   171    1560       2       1      21       1       0
   172    1562       2       1      22       0       0
   173    1564       2       1      21       1       1
   174    1567       3       1      20       3       0
   175    1570       3       1      19       3       0
   176    1573       3       1      17       4       0
   177    1575       2       1      17       1       0
   178    1577       2       1      18       0       0
   179    1580       3       1      17       3       0
   180    1582       2       1      18       0       0
   181    1584       2       1      17       1       1
   182    1586       2       1      16       1       1
   183    1588       2       1      16       0       1
   184    1590       2       1      16       1       0
   185    1592       2       1      15       2       0
   186    1594       2       1      15       1       0
   187    1596       2       1      15       1       0
   188    1598       2       1      14       2       0
   189    1600       2       1      15       0       0
   190    1602       2       1      14       2       0
   191    1604       2       1      15       0       0
   192    1606       2       1      14       2       0
   193    1608       2       1      15       0       0
   194    1610       2       1      15       1       0
   195    1612       2       1      15       1       0
   196    1614       2       1      14       2       0
   197    1616       2       1      14       1       0
   198    1618       2       1      14       1       0
   199    1620       2       1      13       2       0
   200    1622       2       1      13       1       0
   201    1624       2       1      13       1       0
   202    1626       2       1      13       1       0
   203    1628       2       1      13       1       0
   204    1630       2       1      13       1       0
   205    1632       2       1      13       1       0
   206    1634       2       1      12       2       0
   207    1636       2       1      12       1       0
   208    1638       2       1      12       1       0
   209    1640       2       1      12       1       0
   210    1642       2       1      12       1       0
   211    1644       2       1      12       1       0
   212    1646       2       1      12       1       0
   213    1648       2       1      11       2       0
   214    1650       2       1      10       2       0
   215    1652       2       1      11       0       0
   216    1654       2       1      11       1       0
   217    1656       2       1      11       1       0
   218    1658       2       1      11       1       0
   219    1660       2       1      11       1       0
   220    1662       2       1      11       1       0
   221    1664       2       1      12       0       0
   222    1666       2       1      12       1       0
   223    1668       2       1      12       1       0
   224    1670       2       1      11       2       0
   225    1672       2       1      11       1       0
   226    1674       2       1      11       1       0
   227    1676       2       1      11       1       0
   228    1678       2       1      11       1       0
   229    1680       2       1      11       1       0
   230    1682       2       1      11       1       0
   231    1684       2       1      11       1       0
   232    1686       2       1      11       1       0
   233    1688       2       1      11       1       0
   234    1690       2       1      11       1       0
   235    1692       2       1      12       0       0
   236    1694       2       1      12       1       0
   237    1696       2       1      12       1       0
   238    1698       2       1      11       2       0
   239    1700       2       1      12       0       0
   240    1702       2       1      11       2       0
   241    1704       2       1      10       2       0
   242    1706       2       1      11       0       0
   243    1708       2       1      11       1       0
   244    1710       2       1      11       1       0
   245    1712       2       1      11       1       0
   246    1714       2       1      11       1       0
   247    1716       2       1      11       1       0
   248    1718       2       1      10       2       0
   249    1720       2       1      10       1       0
   250    1722       2       1      10       1       0
   251    1724       2       1      11       0       0
   252    1726       2       1      10       2       0
   253    1728       2       1      10       1       0
   254    1730       2       1      10       1       0
   255    1732       2       1      11       0       0
   256    1734       2       1      11       1       0
   257    1736       2       1      11       1       0
   258    1738       2       1      12       0       0
   259    1740       2       1      11       2       0
   260    1742       2       1      11       1       0
   261    1744       2       1      11       1       0
   262    1746       2       1      11       1       0
   263    1748       2       1      11       1       0
   264    1750       2       1      11       1       0
   265    1752       2       1      12       0       0
   266    1754       2       1      11       2       0
   267    1756       2       1      12       0       0
   268    1758       2       1      11       2       0
   269    1760       2       1      12       0       0
   270    1762       2       1      12       1       0
   271    1764       2       1      12       1       0
   272    1766       2       1      12       1       0
   273    1768       2       1      11       2       0
   274    1770       2       1      11       1       0
   275    1772       2       1      11       1       0
   276    1774       2       1      11       1       0
   277    1776       2       1      11       1       0
   278    1778       2       1      11       1       0
   279    1780       2       1      11       1       0
   280    1782       2       1      11       1       0
   281    1784       2       1      12       0       0
   282    1786       2       1      12       1       0
   283    1788       2       1      12       1       0
   284    1790       2       1      12       1       0
   285    1792       2       1      11       2       0
   286    1794       2       1      12       0       0
   287    1796       2       1      13       0       0
   288    1798       2       1      13       1       0
   289    1800       2       1      13       1       0
   290    1802       2       1      12       2       0
   291    1804       2       1      12       1       0
   292    1806       2       1      12       1       0
   293    1808       2       1      12       1       0
   294    1810       2       1      12       1       0
   295    1812       2       1      13       0       0
   296    1814       2       1      13       1       0
   297    1816       2       1      13       1       0
   298    1818       2       1      12       2       0
   299    1820       2       1      12       1       0
   300    1822       2       1      13       0       0
   301    1824       2       1      13       1       0
   302    1826       2       1      13       1       0
   303    1828       2       1      12       2       0
   304    1830       2       1      12       1       0
   305    1832       2       1      13       0       0
   306    1834       2       1      12       2       0
   307    1836       2       1      12       1       0
   308    1838       2       1      12       1       0
   309    1840       2       1      12       1       0
   310    1842       2       1      12       1       0
   311    1844       2       1      12       1       0
   312    1846       2       1      12       1       0
   313    1848       2       1      13       0       0
   314    1850       2       1      12       2       0
   315    1852       2       1      13       0       0
   316    1854       2       1      13       1       0
   317    1856       2       1      12       2       0
   318    1858       2       1      12       1       0
   319    1860       2       1      12       1       0
   320    1862       2       1      12       1       0
   321    1864       2       1      12       1       0
   322    1866       2       1      12       1       0
   323    1868       2       1      12       1       0
   324    1870       2       1      13       0       0
   325    1872       2       1      12       2       0
   326    1874       2       1      12       1       0
   327    1876       2       1      12       1       0
   328    1878       2       1      12       1       0
   329    1880       2       1      12       1       0
   330    1882       2       1      12       1       0
   331    1884       2       1      12       1       0
   332    1886       2       1      12       1       0
   333    1888       2       1      12       1       0
   334    1890       2       1      12       1       0
   335    1892       2       1      12       1       0
   336    1894       2       1      13       0       0
   337    1896       2       1      13       1       0
   338    1898       2       1      12       2       0
   339    1900       2       1      12       1       0
   340    1902       2       1      13       0       0
   341    1904       2       1      14       0       0
   342    1906       2       1      14       1       0
   343    1908       2       1      14       1       0
   344    1910       2       1      14       1       0
   345    1912       2       1      14       1       0
   346    1914       2       1      14       1       0
   347    1916       2       1      14       1       0
   348    1918       2       1      14       1       0
   349    1920       2       1      14       1       0
   350    1922       2       1      13       2       0
   351    1924       2       1      13       1       0
   352    1926       2       1      13       1       0
   353    1928       2       1      13       1       0
   354    1930       2       1      13       1       0
   355    1932       2       1      13       1       0
   356    1934       2       1      13       1       0
   357    1936       2       1      14       0       0
   358    1938       2       1      14       1       0
   359    1940       2       1      14       1       0
   360    1942       2       1      13       2       0
   361    1944       2       1      13       1       0
   362    1946       2       1      14       0       0
   363    1948       2       1      14       1       0
   364    1950       2       1      14       1       0
   365    1952       2       1      14       1       0
   366    1954       2       1      14       1       0
   367    1956       2       1      14       1       0
   368    1958       2       1      14       1       0
   369    1960       2       1      14       1       0
   370    1962       2       1      14       1       0
   371    1964       2       1      13       2       0
   372    1966       2       1      13       1       0
   373    1968       2       1      13       1       0
   374    1970       2       1      13       1       0
   375    1972       2       1      14       0       0
   376    1974       2       1      14       1       0
   377    1976       2       1      15       0       0
   378    1978       2       1      14       2       0
   379    1980       2       1      14       1       0
   380    1982       2       1      13       2       0
   381    1984       2       1      13       1       0
   382    1986       2       1      13       1       0
   383    1988       2       1      13       1       0
   384    1990       2       1      13       1       0
   385    1992       2       1      13       1       0
   386    1994       2       1      13       1       0
   387    1996       2       1      13       1       0
   388    1998       2       1      13       1       0
   389    2000       2       1      14       0       0
   390    2002       2       1      14       1       0
   391    2004       2       1      14       1       0
   392    2006       2       1      14       1       0
   393    2008       2       1      15       0       0
   394    2010       2       1      14       2       0
   395    2012       2       1      14       1       0
   396    2014       2       1      15       0       0
   397    2016       2       1      14       2       0
   398    2018       2       1      14       1       0
   399    2020       2       1      15       0       0
   400    2022       2       1      15       1       0
   401    2024       2       1      14       2       0
   402    2026       2       1      15       0       0
   403    2028       2       1      15       1       0
   404    2030       2       1      15       1       0
   405    2032       2       1      15       0       1
   406    2034       2       1      15       1       0
   407    2036       2       1      15       1       0
   408    2038       2       1      14       2       0
   409    2040       2       1      14       1       0
   410    2042       2       1      14       1       0
   411    2044       2       1      14       1       0
   412    2046       2       1      14       1       0
   413    2048       2       1      14       1       0
   414    2050       2       1      14       1       0
   415    2052       2       1      14       1       0
   416    2054       2       1      14       1       0
   417    2056       2       1      14       1       0
   418    2058       2       1      14       1       0
   419    2060       2       1      14       1       0
   420    2062       2       1      14       1       0
   421    2064       2       1      14       1       0
   422    2066       2       1      14       1       0
   423    2068       2       1      14       1       0
   424    2070       2       1      14       1       0
   425    2072       2       1      15       0       0
   426    2074       2       1      14       2       0
   427    2076       2       1      14       1       0
   428    2078       2       1      14       1       0
   429    2080       2       1      14       1       0
   430    2082       2       1      13       2       0
   431    2084       2       1      13       1       0
   432    2086       2       1      13       1       0
   433    2088       2       1      13       1       0
   434    2090       2       1      13       1       0
   435    2092       2       1      13       1       0
   436    2094       2       1      13       1       0
   437    2096       2       1      13       1       0
   438    2098       2       1      14       0       0
   439    2100       2       1      13       2       0
   440    2102       2       1      13       1       0
   441    2104       2       1      13       1       0
   442    2106       2       1      13       1       0
   443    2108       2       1      12       2       0
   444    2110       2       1      11       2       0
   445    2112       2       1      10       2       0
   446    2114       2       1       9       2       0
   447    2116       2       1      10       0       0
   448    2118       2       1      10       1       0
   449    2120       2       1      11       0       0
   450    2122       2       1      11       1       0
   451    2124       2       1      11       1       0
   452    2126       2       1      12       0       0
   453    2128       2       1      12       1       0
   454    2130       2       1      12       1       0
   455    2132       2       1      13       0       0
   456    2134       2       1      12       2       0
   457    2136       2       1      13       0       0
   458    2138       2       1      13       1       0
   459    2140       2       1      14       0       0
   460    2142       2       1      14       1       0
   461    2144       2       1      14       1       0
   462    2146       2       1      13       2       0
   463    2148       2       1      13       1       0
   464    2150       2       1      13       1       0
   465    2153       3       1      12       3       0
   466    2156       3       1      12       2       0
   467    2159       3       1      14       0       0
   468    2161       2       1      14       1       0
   469    2163       2       1      13       2       0
   470    2165       2       1      13       1       0
   471    2167       2       1      13       1       0
   472    2169       2       1      12       2       0
   473    2172       3       1      13       1       0
   474    2175       3       1      13       2       0
   475    2179       4       1      15       1       0
   476    2181       2       1      15       1       0
   477    2184       3       1      14       3       0
   478    2186       2       1      15       0       0
   479    2188       2       1      15       1       0
   480    2190       2       1      16       0       0
   481    2193       3       1      16       2       0
   482    2196       3       1      18       0       0
   483    2199       3       1      16       4       0
   484    2201       2       1      17       0       0
   485    2203       2       1      17       1       0
   486    2205       2       1      15       3       0
   487    2207       2       1      16       0       0
   488    2209       2       1      16       1       0
   489    2211       2       1      16       1       0
   490    2213       2       1      15       2       0
   491    2215       2       1      16       0       0
   492    2217       2       1      16       1       0
   493    2219       2       1      16       0       1
   494    2221       2       1      15       1       1
   495    2223       2       1      15       0       1
   496    2225       2       1      15       1       0
   497    2227       2       1      15       1       0
   498    2229       2       1      15       1       0
   499    2231       2       1      15       1       0
   500    2233       2       1      15       1       0
   501    2235       2       1      15       0       1
   502    2237       2       1      15       0       1
   503    2239       2       1      15       1       0
   504    2241       2       1      15       1       0
   505    2243       2       1      14       2       0
   506    2245       2       1      13       2       0
   507    2247       2       1      14       0       0
   508    2249       2       1      14       1       0
   509    2251       2       1      14       1       0
   510    2253       2       1      15       0       0
   511    2255       2       1      14       2       0
   512    2257       2       1      14       1       0
   513    2259       2       1      14       1       0
   514    2261       2       1      12       3       0
   515    2263       2       1      12       1       0
   516    2265       2       1      12       1       0
   517    2267       2       1      12       1       0
   518    2269       2       1      12       1       0
   519    2271       2       1      12       1       0
   520    2273       2       1      13       0       0
   521    2275       2       1      13       1       0
   522    2277       2       1      13       1       0
   523    2279       2       1      13       1       0
   524    2281       2       1      13       1       0
   525    2283       2       1      12       2       0
   526    2285       2       1      12       1       0
   527    2287       2       1      12       1       0
   528    2289       2       1      12       1       0
   529    2291       2       1      12       1       0
   530    2293       2       1      12       1       0
   531    2295       2       1      12       1       0
   532    2297       2       1      12       1       0
   533    2299       2       1      13       0       0
   534    2301       2       1      12       2       0
   535    2303       2       1      12       1       0
   536    2305       2       1      13       0       0
   537    2307       2       1      12       2       0
   538    2309       2       1      12       1       0
   539    2311       2       1      13       0       0
   540    2313       2       1      12       2       0
   541    2315       2       1      12       1       0
   542    2317       2       1      12       1       0
   543    2319       2       1      12       1       0
   544    2321       2       1      12       1       0
   545    2323       2       1      13       0       0
   546    2325       2       1      13       1       0
   547    2327       2       1      12       2       0
   548    2329       2       1      12       1       0
   549    2331       2       1      13       0       0
   550    2333       2       1      12       2       0
   551    2335       2       1      12       1       0
   552    2337       2       1      12       1       0
   553    2339       2       1      12       1       0
   554    2341       2       1      13       0       0
   555    2343       2       1      13       1       0
   556    2345       2       1      12       2       0
   557    2347       2       1      13       0       0
   558    2349       2       1      13       1       0
   559    2351       2       1      12       2       0
   560    2353       2       1      12       1       0
   561    2355       2       1      13       0       0
   562    2357       2       1      12       2       0
   563    2359       2       1      12       1       0
   564    2361       2       1      12       1       0
   565    2363       2       1      12       1       0
   566    2365       2       1      12       1       0
   567    2367       2       1      12       1       0
   568    2369       2       1      12       1       0
   569    2371       2       1      12       1       0
   570    2373       2       1      12       1       0
   571    2375       2       1      12       1       0
   572    2377       2       1      12       1       0
   573    2379       2       1      12       1       0
   574    2381       2       1      13       0       0
   575    2383       2       1      13       1       0
   576    2385       2       1      13       1       0
   577    2387       2       1      13       1       0
   578    2389       2       1      13       1       0
   579    2391       2       1      13       1       0
   580    2393       2       1      13       1       0
   581    2395       2       1      13       1       0
   582    2397       2       1      13       1       0
   583    2399       2       1      13       1       0
   584    2401       2       1      13       1       0
   585    2403       2       1      13       1       0
   586    2405       2       1      13       1       0
   587    2407       2       1      14       0       0
   588    2409       2       1      13       2       0
   589    2411       2       1      13       1       0
   590    2413       2       1      14       0       0
   591    2415       2       1      14       1       0
   592    2417       2       1      13       2       0
   593    2419       2       1      14       0       0
   594    2421       2       1      14       1       0
   595    2423       2       1      14       1       0
   596    2425       2       1      14       1       0
   597    2427       2       1      15       0       0
   598    2429       2       1      15       1       0
   599    2431       2       1      15       1       0
   600    2433       2       1      14       2       0
   601    2435       2       1      15       0       0
   602    2437       2       1      14       2       0
   603    2439       2       1      14       1       0
   604    2441       2       1      14       1       0
   605    2443       2       1      15       0       0
   606    2445       2       1      14       2       0
   607    2447       2       1      13       2       0
   608    2449       2       1      12       2       0
   609    2451       2       1      11       2       0
   610    2453       2       1      12       0       0
   611    2455       2       1      11       2       0
   612    2457       2       1      11       1       0
   613    2459       2       1      11       1       0
   614    2461       2       1      11       1       0
   615    2463       2       1      12       0       0
   616    2465       2       1      11       2       0
   617    2467       2       1      11       1       0
   618    2469       2       1      12       0       0
   619    2471       2       1      12       1       0
   620    2473       2       1      12       1       0
   621    2475       2       1      12       1       0
   622    2477       2       1      12       1       0
   623    2479       2       1      12       1       0
   624    2481       2       1      11       2       0
   625    2483       2       1      11       1       0
   626    2485       2       1       9       3       0
   627    2487       2       1      10       0       0
   628    2489       2       1      10       1       0
   629    2491       2       1      10       1       0
   630    2493       2       1      10       1       0
   631    2495       2       1      10       1       0
   632    2497       2       1      10       1       0
   633    2499       2       1      10       1       0
   634    2501       2       1      10       1       0
   635    2503       2       1      10       1       0
   636    2505       2       1      10       1       0
   637    2507       2       1      10       1       0
   638    2509       2       1      10       1       0
   639    2511       2       1       9       2       0
   640    2513       2       1       8       2       0
   641    2515       2       1       8       1       0
   642    2517       2       1       8       1       0
   643    2519       2       1       9       0       0
   644    2521       2       1       9       1       0
   645    2523       2       1       9       1       0
   646    2525       2       1      10       0       0
   647    2527       2       1      10       1       0
   648    2529       2       1      10       1       0
   649    2531       2       1      10       1       0
   650    2533       2       1      10       1       0
   651    2535       2       1      10       1       0
   652    2537       2       1      11       0       0
   653    2539       2       1      12       0       0
   654    2541       2       1      11       2       0
   655    2543       2       1      11       1       0
   656    2545       2       1      11       1       0
   657    2547       2       1      12       0       0
   658    2549       2       1      11       2       0
   659    2551       2       1      11       1       0
   660    2553       2       1      11       1       0
   661    2555       2       1      11       1       0
   662    2557       2       1      11       1       0
   663    2559       2       1      11       1       0
   664    2561       2       1      10       2       0
   665    2563       2       1      10       1       0
   666    2565       2       1      10       1       0
   667    2567       2       1      10       1       0
   668    2569       2       1      10       1       0
   669    2571       2       1      11       0       0
   670    2573       2       1      10       2       0
   671    2575       2       1      10       1       0
   672    2577       2       1      11       0       0
   673    2579       2       1      11       1       0
   674    2581       2       1      10       2       0
   675    2583       2       1      11       0       0
   676    2585       2       1      11       1       0
   677    2587       2       1      10       2       0
   678    2589       2       1      10       1       0
   679    2591       2       1      11       0       0
   680    2593       2       1      11       1       0
   681    2595       2       1      11       1       0
   682    2597       2       1      12       0       0
   683    2599       2       1      12       1       0
   684    2601       2       1      12       1       0
   685    2603       2       1      11       2       0
   686    2605       2       1      11       1       0
   687    2607       2       1      11       1       0
   688    2609       2       1      12       0       0
   689    2611       2       1      12       1       0
   690    2613       2       1      13       0       0
   691    2615       2       1      12       2       0
   692    2617       2       1      12       1       0
   693    2619       2       1      12       1       0
   694    2621       2       1      12       1       0
   695    2623       2       1      12       1       0
   696    2625       2       1      11       2       0
   697    2627       2       1      11       1       0
   698    2629       2       1      11       1       0
   699    2631       2       1      10       2       0
   700    2633       2       1      11       0       0
   701    2635       2       1      10       2       0
   702    2637       2       1      10       1       0
   703    2639       2       1      11       0       0
   704    2641       2       1      11       1       0
   705    2643       2       1      10       2       0
   706    2645       2       1      10       1       0
   707    2648       3       1      11       1       0
   708    2650       2       1      12       0       0
   709    2652       2       1      12       1       0
   710    2655       3       1      12       2       0
   711    2657       2       1      13       0       0
   712    2659       2       1      14       0       0
   713    2661       2       1      15       0       0
   714    2663       2       1      15       1       0
   715    2666       3       1      15       2       0
   716    2669       3       1      15       2       0
   717    2671       2       1      16       0       0
   718    2674       3       1      16       2       0
   719    2677       3       1      17       1       0
   720    2679       2       1      18       0       0
   721    2681       2       1      18       1       0
   722    2683       2       1      18       0       1
   723    2685       2       1      18       1       0
   724    2687       2       1      17       1       1
   725    2689       2       1      17       0       1
   726    2691       2       1      17       0       1
   727    2693       2       1      16       1       1
   728    2695       2       1      15       1       1
   729    2697       2       1      15       1       0
   730    2699       2       1      15       1       0
   731    2701       2       1      15       1       0
   732    2703       2       1      15       1       0
   733    2705       2       1      15       1       0
   734    2707       2       1      15       1       0
   735    2709       2       1      15       0       1
   736    2711       2       1      15       1       0
   737    2713       2       1      15       1       0
   738    2715       2       1      14       2       0
   739    2717       2       1      14       1       0
   740    2719       2       1      13       2       0
   741    2721       2       1      13       1       0
   742    2723       2       1      13       1       0
   743    2725       2       1      12       2       0
   744    2727       2       1      11       2       0
   745    2729       2       1      12       0       0
   746    2731       2       1      12       1       0
   747    2733       2       1      13       0       0
   748    2735       2       1      14       0       0
   749    2737       2       1      14       1       0
   750    2739       2       1      15       0       0
   751    2741       2       1      15       1       0
   752    2743       2       1      15       1       0
   753    2745       2       1      14       2       0
   754    2747       2       1      14       1       0
   755    2749       2       1      14       1       0
   756    2751       2       1      14       1       0
   757    2753       2       1      13       2       0
   758    2755       2       1      13       1       0
   759    2757       2       1      13       1       0
   760    2759       2       1      13       1       0
   761    2761       2       1      13       1       0
   762    2763       2       1      13       1       0
   763    2765       2       1      13       1       0
   764    2767       2       1      13       1       0
   765    2769       2       1      13       1       0
   766    2771       2       1      13       1       0
   767    2773       2       1      13       1       0
   768    2775       2       1      13       1       0
   769    2777       2       1      13       1       0
   770    2779       2       1      13       1       0
   771    2781       2       1      13       1       0
   772    2783       2       1      13       1       0
   773    2785       2       1      13       1       0
   774    2787       2       1      13       1       0
   775    2789       2       1      13       1       0
   776    2791       2       1      13       1       0
   777    2793       2       1      13       1       0
   778    2795       2       1      13       1       0
   779    2797       2       1      13       1       0
   780    2799       2       1      13       1       0
   781    2801       2       1      13       1       0
   782    2803       2       1      13       1       0
   783    2805       2       1      13       1       0
   784    2807       2       1      13       1       0
   785    2809       2       1      13       1       0
   786    2811       2       1      13       1       0
   787    2813       2       1      13       1       0
   788    2815       2       1      13       1       0
   789    2817       2       1      13       1       0
   790    2819       2       1      13       1       0
   791    2821       2       1      13       1       0
   792    2823       2       1      13       1       0
   793    2825       2       1      13       1       0
   794    2827       2       1      13       1       0
   795    2829       2       1      13       1       0
   796    2831       2       1      13       1       0
   797    2833       2       1      13       1       0
   798    2835       2       1      13       1       0
   799    2837       2       1      13       1       0
   800    2839       2       1      13       1       0
   801    2841       2       1      13       1       0
   802    2843       2       1      13       1       0
   803    2845       2       1      13       1       0
   804    2847       2       1      13       1       0
   805    2849       2       1      13       1       0
   806    2851       2       1      13       1       0
   807    2853       2       1      13       1       0
   808    2855       2       1      13       1       0
   809    2857       2       1      13       1       0
   810    2859       2       1      13       1       0
   811    2861       2       1      13       1       0
   812    2863       2       1      13       1       0
   813    2865       2       1      13       1       0
   814    2867       2       1      13       1       0
   815    2869       2       1      13       1       0
   816    2871       2       1      13       1       0
   817    2873       2       1      13       1       0
   818    2875       2       1      13       1       0
   819    2877       2       1      13       1       0
   820    2879       2       1      13       1       0
   821    2881       2       1      13       1       0
   822    2883       2       1      13       1       0
   823    2885       2       1      13       1       0
   824    2887       2       1      13       1       0
   825    2889       2       1      13       1       0
   826    2891       2       1      13       1       0
   827    2893       2       1      13       1       0
   828    2895       2       1      13       1       0
   829    2897       2       1      13       1       0
   830    2899       2       1      13       1       0
   831    2901       2       1      13       1       0
   832    2903       2       1      13       1       0
   833    2905       2       1      13       1       0
   834    2907       2       1      13       1       0
   835    2909       2       1      13       1       0
   836    2911       2       1      13       1       0
   837    2913       2       1      13       1       0
   838    2915       2       1      13       1       0
   839    2917       2       1      13       1       0
   840    2919       2       1      13       1       0
   841    2921       2       1      13       1       0
   842    2923       2       1      13       1       0
   843    2925       2       1      13       1       0
   844    2927       2       1      13       1       0
   845    2929       2       1      13       1       0
   846    2931       2       1      13       1       0
   847    2933       2       1      13       1       0
   848    2935       2       1      13       1       0
   849    2937       2       1      13       1       0
   850    2939       2       1      13       1       0
   851    2941       2       1      13       1       0
   852    2943       2       1      13       1       0
   853    2945       2       1      13       1       0
   854    2947       2       1      13       1       0
   855    2949       2       1      13       1       0
   856    2951       2       1      13       1       0
   857    2953       2       1      13       1       0
   858    2955       2       1      13       1       0
   859    2957       2       1      13       1       0
   860    2959       2       1      13       1       0
   861    2961       2       1      13       1       0
   862    2963       2       1      13       1       0
   863    2965       2       1      13       1       0
   864    2967       2       1      13       1       0
   865    2969       2       1      13       1       0
   866    2971       2       1      13       1       0
   867    2973       2       1      13       1       0
   868    2975       2       1      13       1       0
   869    2977       2       1      13       1       0
   870    2979       2       1      13       1       0
   871    2981       2       1      13       1       0
   872    2983       2       1      13       1       0
   873    2985       2       1      13       1       0
   874    2987       2       1      13       1       0
   875    2989       2       1      13       1       0
   876    2991       2       1      13       1       0
   877    2993       2       1      13       1       0
   878    2995       2       1      13       1       0
   879    2997       2       1      13       1       0
   880    2999       2       1      13       1       0
   881    3001       2       1      13       1       0
   882    3003       2       1      13       1       0
   883    3005       2       1      13       1       0
   884    3007       2       1      13       1       0
   885    3009       2       1      13       1       0
   886    3011       2       1      13       1       0
   887    3013       2       1      13       1       0
   888    3015       2       1      13       1       0
   889    3017       2       1      13       1       0
   890    3019       2       1      13       1       0
   891    3021       2       1      13       1       0
   892    3023       2       1      13       1       0
   893    3025       2       1      13       1       0
   894    3027       2       1      13       1       0
   895    3029       2       1      13       1       0
   896    3031       2       1      13       1       0
   897    3033       2       1      13       1       0
   898    3035       2       1      13       1       0
   899    3037       2       1      13       1       0
   900    3039       2       1      13       1       0
   901    3041       2       1      13       1       0
   902    3043       2       1      13       1       0
   903    3045       2       1      13       1       0
   904    3047       2       1      14       0       0
   905    3049       2       1      15       0       0
   906    3051       2       1      14       2       0
   907    3053       2       1      14       1       0
   908    3055       2       1      15       0       0
   909    3057       2       1      15       1       0
   910    3059       2       1      14       2       0
   911    3061       2       1      14       1       0
   912    3063       2       1      14       1       0
   913    3065       2       1      14       1       0
   914    3067       2       1      14       1       0
   915    3069       2       1      14       1       0
   916    3071       2       1      14       1       0
   917    3073       2       1      14       1       0
   918    3075       2       1      14       1       0
   919    3077       2       1      13       2       0
   920    3079       2       1      14       0       0
   921    3081       2       1      14       1       0
   922    3083       2       1      15       0       0
   923    3085       2       1      15       0       1
   924    3087       2       1      15       1       0
   925    3089       2       1      15       1       0
   926    3091       2       1      14       2       0
   927    3093       2       1      14       1       0
   928    3095       2       1      14       1       0
   929    3097       2       1      14       1       0
   930    3099       2       1      15       0       0
   931    3101       2       1      15       1       0
   932    3103       2       1      15       1       0
   933    3105       2       1      13       3       0
   934    3107       2       1      13       1       0
   935    3109       2       1      14       0       0
   936    3111       2       1      14       1       0
   937    3113       2       1      14       1       0
   938    3115       2       1      14       1       0
   939    3117       2       1      14       1       0
   940    3119       2       1      14       1       0
   941    3121       2       1      14       1       0
   942    3123       2       1      14       1       0
   943    3125       2       1      13       2       0
   944    3127       2       1      13       1       0
   945    3129       2       1      13       1       0
   946    3131       2       1      13       1       0
   947    3133       2       1      12       2       0
   948    3135       2       1      13       0       0
   949    3137       2       1      13       1       0
   950    3139       2       1      13       1       0
   951    3141       2       1      13       1       0
   952    3143       2       1      13       1       0
   953    3145       2       1      12       2       0
   954    3147       2       1      12       1       0
   955    3149       2       1      12       1       0
   956    3151       2       1      12       1       0
   957    3153       2       1      12       1       0
   958    3155       2       1      13       0       0
   959    3157       2       1      13       1       0
   960    3159       2       1      13       1       0
   961    3161       2       1      13       1       0
   962    3163       2       1      13       1       0
   963    3165       2       1      13       1       0
   964    3167       2       1      13       1       0
   965    3169       2       1      13       1       0
   966    3171       2       1      13       1       0
   967    3173       2       1      13       1       0
   968    3175       2       1      13       1       0
   969    3177       2       1      13       1       0
   970    3179       2       1      13       1       0
   971    3181       2       1      13       1       0
   972    3183       2       1      13       1       0
   973    3185       2       1      13       1       0
   974    3187       2       1      12       2       0
   975    3189       2       1      12       1       0
   976    3191       2       1      13       0       0
   977    3193       2       1      13       1       0
   978    3195       2       1      14       0       0
   979    3197       2       1      14       1       0
   980    3199       2       1      14       1       0
   981    3201       2       1      15       0       0
   982    3203       2       1      15       1       0
   983    3205       2       1      14       2       0
   984    3207       2       1      14       1       0
   985    3209       2       1      14       1       0
   986    3211       2       1      14       1       0
   987    3213       2       1      14       1       0
   988    3215       2       1      14       1       0
   989    3217       2       1      14       1       0
   990    3219       2       1      15       0       0
   991    3221       2       1      15       1       0
   992    3223       2       1      15       1       0
   993    3225       2       1      15       1       0
   994    3227       2       1      15       1       0
   995    3229       2       1      15       1       0
   996    3231       2       1      15       1       0
   997    3233       2       1      14       2       0
   998    3235       2       1      15       0       0
   999    3237       2       1      14       2       0
  1000    3239       2       1      14       1       0
  1001    3241       2       1      15       0       0
  1002    3243       2       1      15       1       0
  1003    3245       2       1      15       1       0
  1004    3247       2       1      15       0       1
  1005    3249       2       1      13       3       0
  1006    3251       2       1      13       1       0
  1007    3253       2       1      12       2       0
  1008    3255       2       1      12       1       0
  1009    3257       2       1      12       1       0
  1010    3259       2       1      13       0       0
  1011    3261       2       1      13       1       0
  1012    3263       2       1      12       2       0
  1013    3265       2       1      13       0       0
  1014    3267       2       1      13       1       0
  1015    3269       2       1      13       1       0
  1016    3271       2       1      13       1       0
  1017    3273       2       1      13       1       0
  1018    3275       2       1      13       1       0
  1019    3277       2       1      12       2       0
  1020    3279       2       1      12       1       0
  1021    3281       2       1      13       0       0
  1022    3283       2       1      14       0       0
  1023    3285       2       1      14       1       0
  1024    3287       2       1      13       2       0
  1025    3289       2       1      13       1       0
  1026    3291       2       1      13       1       0
  1027    3293       2       1      13       1       0
  1028    3295       2       1      13       1       0
  1029    3297       2       1      13       1       0
  1030    3299       2       1      14       0       0
  1031    3301       2       1      14       1       0
  1032    3303       2       1      14       1       0
  1033    3305       2       1      13       2       0
  1034    3310       5       1      14       3       0
  1035    3312       2       1      15       0       0
  1036    3316       4       1      16       2       0
  1037    3318       2       1      16       1       0
  1038    3322       4       1      18       1       0
  1039    3324       2       1      17       2       0
  1040    3326       2       1      18       0       0
  1041    3328       2       1      18       1       0
  1042    3330       2       1      19       0       0
  1043    3332       2       1      18       2       0
  1044    3334       2       1      17       2       0
  1045    3336       2       1      17       1       0
  1046    3338       2       1      17       1       0
  1047    3340       2       1      17       0       1
  1048    3342       2       1      16       1       1
  1049    3344       2       1      16       1       0
  1050    3346       2       1      16       1       0
  1051    3348       2       1      16       0       1
  1052    3350       2       1      16       1       0
  1053    3352       2       1      16       1       0
  1054    3354       2       1      16       1       0
  1055    3356       2       1      14       3       0
  1056    3358       2       1      14       1       0
  1057    3360       2       1      15       0       0
  1058    3362       2       1      15       1       0
  1059    3364       2       1      15       1       0
  1060    3366       2       1      15       1       0
  1061    3368       2       1      14       2       0
  1062    3370       2       1      14       1       0
  1063    3372       2       1      14       1       0
  1064    3374       2       1      14       1       0
  1065    3376       2       1      14       1       0
  1066    3378       2       1      15       0       0
  1067    3380       2       1      15       1       0
  1068    3382       2       1      14       2       0
  1069    3384       2       1      14       1       0
  1070    3391       7       1      17       3       0
  1071    3396       5       1      16       5       0
  1072    3399       3       1      16       2       0
  1073    3402       3       1      16       2       0
  1074    3406       4       1      18       1       0
  1075    3408       2       1      16       3       0
  1076    3410       2       1      15       2       0
  1077    3413       3       1      16       1       0
  1078    3415       2       1      17       0       0
  1079    3421       6       1      14       8       0
  1080    3425       4       1      17       0       0
  1081    3429       4       1      16       4       0
  1082    3432       3       1      15       3       0
  1083    3437       5       1      15       4       0
  1084    3441       4       1      16       2       0
  1085    3445       4       1      14       5       0
  1086    3450       5       1      15       3       0
  1087    3454       4       1      15       3       0
  1088    3460       6       1      14       6       0
  1089    3465       5       1      17       1       0
  1090    3468       3       1      15       4       0
  1091    3472       4       1      16       2       0
  1092    3475       3       1      15       3       0
  1093    3477       2       1      16       0       0
  1094    3481       4       1      16       3       0
  1095    3483       2       1      15       2       0
  1096    3486       3       1      16       1       0
  1097    3488       2       1      16       1       0
  1098    3490       2       1      16       1       0
  1099    3493       3       1      16       2       0
  1100    3495       2       1      16       1       0
  1101    3498       3       1      17       1       0
  1102    3500       2       1      16       2       0
  1103    3503       3       1      16       2       0
  1104    3506       3       1      18       0       0
  1105    3508       2       1      18       1       0
  1106    3510       2       1      17       1       1
  1107    3513       3       1      17       2       0
  1108    3516       3       1      17       2       0
  1109    3518       2       1      17       1       0
  1110    3520       2       1      17       1       0
  1111    3523       3       1      17       1       1
  1112    3525       2       1      17       0       1
  1113    3532       7       1      14       9       0
  1114    3536       4       1      13       4       0
  1115    3538       2       1      12       2       0
  1116    3541       3       1      13       1       0
  1117    3544       3       1      15       0       0
  1118    3547       3       1      15       2       0
  1119    3550       3       1      16       1       0
  1120    3553       3       1      17       1       0
  1121    3556       3       1      18       1       0
  1122    3559       3       1      18       2       0
  1123    3562       3       1      17       3       0
  1124    3565       3       1      19       0       0
  1125    3567       2       1      19       1       0
  1126    3569       2       1      19       0       1
  1127    3571       2       1      18       2       0
  1128    3573       2       1      17       1       1
  1129    3575       2       1      16       1       1
  1130    3577       2       1      16       0       1
  1131    3579       2       1      16       1       0
  1132    3581       2       1      15       2       0
  1133    3583       2       1      15       1       0
  1134    3585       2       1      15       0       1
  1135    3587       2       1      15       1       0
  1136    3589       2       1      14       2       0
  1137    3591       2       1      14       1       0
  1138    3593       2       1      14       1       0
  1139    3595       2       1      14       1       0
  1140    3597       2       1      14       1       0
  1141    3599       2       1      14       1       0
  1142    3601       2       1      14       1       0
  1143    3603       2       1      15       0       0
  1144    3605       2       1      15       1       0
  1145    3607       2       1      15       1       0
  1146    3609       2       1      14       2       0
  1147    3611       2       1      15       0       0
  1148    3613       2       1      15       1       0
  1149    3615       2       1      15       1       0
  1150    3617       2       1      15       1       0
  1151    3619       2       1      15       1       0
  1152    3621       2       1      15       1       0
  1153    3623       2       1      15       1       0
  1154    3625       2       1      15       1       0
  1155    3628       3       1      16       1       0
  1156    3630       2       1      16       0       1
  1157    3635       5       1      18       2       0
  1158    3639       4       1      19       2       0
  1159    3642       3       1      18       3       0
  1160    3644       2       1      18       1       0
  1161    3647       3       1      19       1       0
  1162    3650       3       1      21       0       0
  1163    3652       2       1      20       2       0
  1164    3654       2       1      20       0       1
  1165    3663       9       1      15      13       0
  1166    3668       5       1      10       9       0
  1167    3672       4       1      12       1       0
  1168    3677       5       1      11       5       0
  1169    3680       3       1       9       4       0
  1170    3683       3       1       9       2       0
  1171    3686       3       1      10       1       0
  1172    3689       3       1      10       2       0
  1173    3691       2       1       8       3       0
  1174    3698       7       1      13       1       0
  1175    3703       5       1      15       2       0
  1176    3708       5       1      11       8       0
  1177    3710       2       1       9       3       0
  1178    3713       3       1      10       1       0
  1179    3715       2       1      10       1       0
  1180    3721       6       1      12       3       0
  1181    3726       5       1      11       5       0
  1182    3732       6       1      14       2       0
  1183    3737       5       1      16       2       0
  1184    3742       5       1      15       5       0
  1185    3746       4       1      15       3       0
  1186    3749       3       1      14       3       0
  1187    3752       3       1      15       1       0
  1188    3755       3       1      15       2       0
  1189    3758       3       1      15       2       0
  1190    3762       4       1      16       2       0
  1191    3765       3       1      15       3       0
  1192    3768       3       1      15       2       0
  1193    3771       3       1      15       2       0
  1194    3774       3       1      16       1       0
  1195    3776       2       1      16       1       0
  1196    3779       3       1      15       3       0
  1197    3782       3       1      15       2       0
  1198    3784       2       1      16       0       0
  1199    3786       2       1      17       0       0
  1200    3789       3       1      16       3       0
  1201    3791       2       1      16       1       0
  1202    3793       2       1      16       1       0
  1203    3796       3       1      18       0       0
  1204    3801       5       1      19       3       0
  1205    3805       4       1      18       4       0
  1206    3808       3       1      19       1       0
  1207    3812       4       1      19       3       0
  1208    3816       4       1      19       3       0
  1209    3819       3       1      19       2       0
  1210    3823       4       1      21       1       0
  1211    3827       4       1      20       2       2
  1212    3830       3       1      19       2       1
  1213    3833       3       1      18       3       0
  1214    3837       4       1      20       1       0
  1215    3840       3       1      18       4       0
  1216    3844       4       1      18       3       0
  1217    3847       3       1      17       3       0
  1218    3850       3       1      18       1       0
  1219    3854       4       1      19       2       0
  1220    3857       3       1      20       1       0
  1221    3862       5       1      21       3       0
  1222    3865       3       1      20       3       0
  1223    3868       3       1      20       2       0
  1224    3871       3       1      18       4       0
  1225    3875       4       1      20       1       0
  1226    3879       4       1      22       1       0
  1227    3883       4       1      21       4       0
  1228    3887       4       1      20       4       0
  1229    3891       4       1      21       2       0
  1230    3894       3       1      21       2       0
  1231    3898       4       1      21       2       1
  1232    3900       2       1      20       2       0
  1233    3904       4       1      19       4       0
  1234    3907       3       1      20       1       0
  1235    3910       3       1      21       1       0
  1236    3912       2       1      20       1       1
  1237    3915       3       1      20       1       1
  1238    3918       3       1      19       2       1
  1239    3924       6       1      19       5       0
  1240    3927       3       1      19       2       0
  1241    3930       3       1      17       4       0
  1242    3934       4       1      18       2       0
  1243    3938       4       1      18       3       0
  1244    3941       3       1      18       2       0
  1245    3945       4       1      19       2       0
  1246    3947       2       1      18       1       1
  1247    3950       3       1      18       2       0
  1248    3953       3       1      18       1       1
  1249    3956       3       1      19       0       1
  1250    3959       3       1      18       3       0
  1251    3962       3       1      18       2       0
  1252    3965       3       1      18       2       0
  1253    3968       3       1      18       2       0
  1254    3970       2       1      18       0       1
  1255    3973       3       1      17       2       1
  1256    3977       4       1      19       1       0
  1257    3980       3       1      18       2       1
  1258    3982       2       1      18       0       1
  1259    3992      10       1      12      15       0
  1260    3996       4       1       8       7       0
  1261    3999       3       1       8       2       0
  1262    4007       8       1      13       2       0
  1263    4012       5       1      16       1       0
  1264    4014       2       1      16       1       0
  1265    4018       4       1      17       2       0
  1266    4023       5       1      19       2       0
  1267    4026       3       1      20       1       0
  1268    4028       2       1      21       0       0
  1269    4031       3       1      21       2       0
  1270    4034       3       1      22       1       0
  1271    4037       3       1      21       3       0
  1272    4039       2       1      21       1       0
  1273    4043       4       1      22       2       0
  1274    4046       3       1      22       2       0
  1275    4049       3       1      23       1       0
  1276    4052       3       1      22       3       0
  1277    4055       3       1      23       1       0
  1278    4058       3       1      23       2       0
  1279    4061       3       1      23       1       1
  1280    4064       3       1      22       2       1
  1281    4074      10       1      13      18       0
  1282    4078       4       1       9       7       0
  1283    4081       3       1       9       2       0
  1284    4089       8       1      15       1       0
  1285    4093       4       1      17       1       0
  1286    4096       3       1      19       0       0
  1287    4102       6       1      20       4       0
  1288    4107       5       1      21       3       0
  1289    4112       5       1      22       3       0
  1290    4116       4       1      24       1       0
  1291    4119       3       1      24       2       0
  1292    4127       8       1      14      17       0
  1293    4135       8       1      14       7       0
  1294    4142       7       1      13       7       0
  1295    4149       7       1      17       2       0
  1296    4157       8       1      14      10       0
  1297    4164       7       1      15       5       0
  1298    4173       9       1      21       2       0
  1299    4179       6       1      15      11       0
  1300    4185       6       1      15       5       0
  1301    4190       5       1      15       4       0
  1302    4195       5       1      16       3       0
  1303    4200       5       1      17       3       0
  1304    4205       5       1      18       3       0
  1305    4211       6       1      20       3       0
  1306    4217       6       1      20       5       0
  1307    4223       6       1      21       4       0
  1308    4231       8       1      23       5       0
  1309    4236       5       1      22       5       0
  1310    4241       5       1      24       2       0
  1311    4245       4       1      24       3       0
  1312    4250       5       1      26       2       0
  1313    4254       4       1      25       4       0
  1314    4258       4       1      26       2       0
  1315    4262       4       1      26       2       1
  1316    4267       5       1      27       2       1
  1317    4272       5       1      27       3       1
  1318    4278       6       1      29       2       1
  1319    4285       7       1      33       2       0
  1320    4310      25       0      40       4      13
  1321    4335      25       0      40       2      22
  1322    4360      25       0      40       0      24