  TimeWindow  TotalIterations  Iterations  Convergence
     1       1       1       1
     2       2       1       1
     3       3       1       1
     4       4       1       1
     5       5       1       1
     6       6       1       1
     7       7       1       1
     8       8       1       1
     9       9       1       1
    10      10       1       1
    11      11       1       1
    12      12       1       1
    13      13       1       1
    14      14       1       1
    15      15       1       1
    16      16       1       1
    17      17       1       1
    18      18       1       1
    19      19       1       1
    20      20       1       1
    21      21       1       1
    22      22       1       1
    23      23       1       1
    24      24       1       1
    25      25       1       1
    26      26       1       1
    27      27       1       1
    28      28       1       1
    29      29       1       1
    30      30       1       1
    31      31       1       1
    32      32       1       1
    33      33       1       1
    34      34       1       1
    35      35       1       1
    36      36       1       1
    37      37       1       1
    38      38       1       1
    39      39       1       1
    40      40       1       1
    41      41       1       1
    42      42       1       1
    43      43       1       1
    44      44       1       1
    45      45       1       1
    46      46       1       1
    47      47       1       1
    48      48       1       1
    49      49       1       1
    50      50       1       1
    51      51       1       1
    52      52       1       1
    53      53       1       1
    54      54       1       1
    55      55       1       1
    56      56       1       1
    57      57       1       1
    58      58       1       1
    59      59       1       1
    60      60       1       1
    61      61       1       1
    62      62       1       1
    63      63       1       1
    64      64       1       1
    65      65       1       1
    66      66       1       1
    67      91      25       0
    68     116      25       0
    69     141      25       0
    70     156      15       1
    71     163       7       1
    72     170       7       1
    73     176       6       1
    74     201      25       0
    75     226      25       0
    76     251      25       0
    77     276      25       0
    78     301      25       0
    79     326      25       0
    80     351      25       0
    81     365      14       1
    82     386      21       1
    83     411      25       0
    84     436      25       0
    85     461      25       0
    86     470       9       1
    87     476       6       1
    88     480       4       1
    89     505      25       0
    90     521      16       1
    91     529       8       1
    92     554      25       0
    93     577      23       1
    94     595      18       1
    95     620      25       0
    96     645      25       0
    97     652       7       1
    98     656       4       1
    99     661       5       1
   100     674      13       1
   101     699      25       0
   102     708       9       1
   103     716       8       1
   104     721       5       1
   105     746      25       0
   106     764      18       1
   107     789      25       0
   108     814      25       0
   109     839      25       0
   110     854      15       1
   111     860       6       1
   112     874      14       1
   113     899      25       0
   114     913      14       1
   115     921       8       1
   116     946      25       0
   117     971      25       0
   118     996      25       0
   119    1006      10       1
   120    1011       5       1
   121    1017       6       1
   122    1042      25       0
   123    1067      25       0
   124    1080      13       1
   125    1088       8       1
   126    1094       6       1
   127    1100       6       1
   128    1108       8       1
   129    1133      25       0
   130    1158      25       0
   131    1171      13       1
   132    1179       8       1
   133    1186       7       1
   134    1190       4       1
   135    1215      25       0
   136    1240      25       0
   137    1252      12       1
   138    1277      25       0
   139    1300      23       1
   140    1319      19       1
   141    1344      25       0
   142    1369      25       0
   143    1391      22       1
   144    1400       9       1
   145    1409       9       1
   146    1416       7       1
   147    1422       6       1
   148    1429       7       1
   149    1433       4       1
   150    1458      25       0
   151    1483      25       0
   152    1497      14       1
   153    1502       5       1
   154    1508       6       1
   155    1512       4       1
   156    1515       3       1
   157    1518       3       1
   158    1521       3       1
   159    1524       3       1
   160    1527       3       1
   161    1531       4       1
   162    1535       4       1
   163    1538       3       1
   164    1541       3       1
   165    1543       2       1
   166    1546       3       1
   167    1549       3       1
   168    1552       3       1
   169    1556       4       1
   170    1558       2       1
   171    1560       2       1
   172    1562       2       1
   173    1564       2       1
   174    1567       3       1
   175    1570       3       1
   176    1573       3       1
   177    1575       2       1
   178    1577       2       1
   179    1580       3       1
   180    1582       2       1
   181    1584       2       1
   182    1586       2       1
   183    1588       2       1
   184    1590       2       1
   185    1592       2       1
   186    1594       2       1
   187    1596       2       1
   188    1598       2       1
   189    1600       2       1
   190    1602       2       1
   191    1604       2       1
   192    1606       2       1
   193    1608       2       1
   194    1610       2       1
   195    1612       2       1
   196    1614       2       1
   197    1616       2       1
   198    1618       2       1
   199    1620       2       1
   200    1622       2       1
   201    1624       2       1
   202    1626       2       1
   203    1628       2       1
   204    1630       2       1
   205    1632       2       1
   206    1634       2       1
   207    1636       2       1
   208    1638       2       1
   209    1640       2       1
   210    1642       2       1
   211    1644       2       1
   212    1646       2       1
   213    1648       2       1
   214    1650       2       1
   215    1652       2       1
   216    1654       2       1
   217    1656       2       1
   218    1658       2       1
   219    1660       2       1
   220    1662       2       1
   221    1664       2       1
   222    1666       2       1
   223    1668       2       1
   224    1670       2       1
   225    1672       2       1
   226    1674       2       1
   227    1676       2       1
   228    1678       2       1
   229    1680       2       1
   230    1682       2       1
   231    1684       2       1
   232    1686       2       1
   233    1688       2       1
   234    1690       2       1
   235    1692       2       1
   236    1694       2       1
   237    1696       2       1
   238    1698       2       1
   239    1700       2       1
   240    1702       2       1
   241    1704       2       1
   242    1706       2       1
   243    1708       2       1
   244    1710       2       1
   245    1712       2       1
   246    1714       2       1
   247    1716       2       1
   248    1718       2       1
   249    1720       2       1
   250    1722       2       1
   251    1724       2       1
   252    1726       2       1
   253    1728       2       1
   254    1730       2       1
   255    1732       2       1
   256    1734       2       1
   257    1736       2       1
   258    1738       2       1
   259    1740       2       1
   260    1742       2       1
   261    1744       2       1
   262    1746       2       1
   263    1748       2       1
   264    1750       2       1
   265    1752       2       1
   266    1754       2       1
   267    1756       2       1
   268    1758       2       1
   269    1760       2       1
   270    1762       2       1
   271    1764       2       1
   272    1766       2       1
   273    1768       2       1
   274    1770       2       1
   275    1772       2       1
   276    1774       2       1
   277    1776       2       1
   278    1778       2       1
   279    1780       2       1
   280    1782       2       1
   281    1784       2       1
   282    1786       2       1
   283    1788       2       1
   284    1790       2       1
   285    1792       2       1
   286    1794       2       1
   287    1796       2       1
   288    1798       2       1
   289    1800       2       1
   290    1802       2       1
   291    1804       2       1
   292    1806       2       1
   293    1808       2       1
   294    1810       2       1
   295    1812       2       1
   296    1814       2       1
   297    1816       2       1
   298    1818       2       1
   299    1820       2       1
   300    1822       2       1
   301    1824       2       1
   302    1826       2       1
   303    1828       2       1
   304    1830       2       1
   305    1832       2       1
   306    1834       2       1
   307    1836       2       1
   308    1838       2       1
   309    1840       2       1
   310    1842       2       1
   311    1844       2       1
   312    1846       2       1
   313    1848       2       1
   314    1850       2       1
   315    1852       2       1
   316    1854       2       1
   317    1856       2       1
   318    1858       2       1
   319    1860       2       1
   320    1862       2       1
   321    1864       2       1
   322    1866       2       1
   323    1868       2       1
   324    1870       2       1
   325    1872       2       1
   326    1874       2       1
   327    1876       2       1
   328    1878       2       1
   329    1880       2       1
   330    1882       2       1
   331    1884       2       1
   332    1886       2       1
   333    1888       2       1
   334    1890       2       1
   335    1892       2       1
   336    1894       2       1
   337    1896       2       1
   338    1898       2       1
   339    1900       2       1
   340    1902       2       1
   341    1904       2       1
   342    1906       2       1
   343    1908       2       1
   344    1910       2       1
   345    1912       2       1
   346    1914       2       1
   347    1916       2       1
   348    1918       2       1
   349    1920       2       1
   350    1922       2       1
   351    1924       2       1
   352    1926       2       1
   353    1928       2       1
   354    1930       2       1
   355    1932       2       1
   356    1934       2       1
   357    1936       2       1
   358    1938       2       1
   359    1940       2       1
   360    1942       2       1
   361    1944       2       1
   362    1946       2       1
   363    1948       2       1
   364    1950       2       1
   365    1952       2       1
   366    1954       2       1
   367    1956       2       1
   368    1958       2       1
   369    1960       2       1
   370    1962       2       1
   371    1964       2       1
   372    1966       2       1
   373    1968       2       1
   374    1970       2       1
   375    1972       2       1
   376    1974       2       1
   377    1976       2       1
   378    1978       2       1
   379    1980       2       1
   380    1982       2       1
   381    1984       2       1
   382    1986       2       1
   383    1988       2       1
   384    1990       2       1
   385    1992       2       1
   386    1994       2       1
   387    1996       2       1
   388    1998       2       1
   389    2000       2       1
   390    2002       2       1
   391    2004       2       1
   392    2006       2       1
   393    2008       2       1
   394    2010       2       1
   395    2012       2       1
   396    2014       2       1
   397    2016       2       1
   398    2018       2       1
   399    2020       2       1
   400    2022       2       1
   401    2024       2       1
   402    2026       2       1
   403    2028       2       1
   404    2030       2       1
   405    2032       2       1
   406    2034       2       1
   407    2036       2       1
   408    2038       2       1
   409    2040       2       1
   410    2042       2       1
   411    2044       2       1
   412    2046       2       1
   413    2048       2       1
   414    2050       2       1
   415    2052       2       1
   416    2054       2       1
   417    2056       2       1
   418    2058       2       1
   419    2060       2       1
   420    2062       2       1
   421    2064       2       1
   422    2066       2       1
   423    2068       2       1
   424    2070       2       1
   425    2072       2       1
   426    2074       2       1
   427    2076       2       1
   428    2078       2       1
   429    2080       2       1
   430    2082       2       1
   431    2084       2       1
   432    2086       2       1
   433    2088       2       1
   434    2090       2       1
   435    2092       2       1
   436    2094       2       1
   437    2096       2       1
   438    2098       2       1
   439    2100       2       1
   440    2102       2       1
   441    2104       2       1
   442    2106       2       1
   443    2108       2       1
   444    2110       2       1
   445    2112       2       1
   446    2114       2       1
   447    2116       2       1
   448    2118       2       1
   449    2120       2       1
   450    2122       2       1
   451    2124       2       1
   452    2126       2       1
   453    2128       2       1
   454    2130       2       1
   455    2132       2       1
   456    2134       2       1
   457    2136       2       1
   458    2138       2       1
   459    2140       2       1
   460    2142       2       1
   461    2144       2       1
   462    2146       2       1
   463    2148       2       1
   464    2150       2       1
   465    2153       3       1
   466    2156       3       1
   467    2159       3       1
   468    2161       2       1
   469    2163       2       1
   470    2165       2       1
   471    2167       2       1
   472    2169       2       1
   473    2172       3       1
   474    2175       3       1
   475    2179       4       1
   476    2181       2       1
   477    2184       3       1
   478    2186       2       1
   479    2188       2       1
   480    2190       2       1
   481    2193       3       1
   482    2196       3       1
   483    2199       3       1
   484    2201       2       1
   485    2203       2       1
   486    2205       2       1
   487    2207       2       1
   488    2209       2       1
   489    2211       2       1
   490    2213       2       1
   491    2215       2       1
   492    2217       2       1
   493    2219       2       1
   494    2221       2       1
   495    2223       2       1
   496    2225       2       1
   497    2227       2       1
   498    2229       2       1
   499    2231       2       1
   500    2233       2       1
   501    2235       2       1
   502    2237       2       1
   503    2239       2       1
   504    2241       2       1
   505    2243       2       1
   506    2245       2       1
   507    2247       2       1
   508    2249       2       1
   509    2251       2       1
   510    2253       2       1
   511    2255       2       1
   512    2257       2       1
   513    2259       2       1
   514    2261       2       1
   515    2263       2       1
   516    2265       2       1
   517    2267       2       1
   518    2269       2       1
   519    2271       2       1
   520    2273       2       1
   521    2275       2       1
   522    2277       2       1
   523    2279       2       1
   524    2281       2       1
   525    2283       2       1
   526    2285       2       1
   527    2287       2       1
   528    2289       2       1
   529    2291       2       1
   530    2293       2       1
   531    2295       2       1
   532    2297       2       1
   533    2299       2       1
   534    2301       2       1
   535    2303       2       1
   536    2305       2       1
   537    2307       2       1
   538    2309       2       1
   539    2311       2       1
   540    2313       2       1
   541    2315       2       1
   542    2317       2       1
   543    2319       2       1
   544    2321       2       1
   545    2323       2       1
   546    2325       2       1
   547    2327       2       1
   548    2329       2       1
   549    2331       2       1
   550    2333       2       1
   551    2335       2       1
   552    2337       2       1
   553    2339       2       1
   554    2341       2       1
   555    2343       2       1
   556    2345       2       1
   557    2347       2       1
   558    2349       2       1
   559    2351       2       1
   560    2353       2       1
   561    2355       2       1
   562    2357       2       1
   563    2359       2       1
   564    2361       2       1
   565    2363       2       1
   566    2365       2       1
   567    2367       2       1
   568    2369       2       1
   569    2371       2       1
   570    2373       2       1
   571    2375       2       1
   572    2377       2       1
   573    2379       2       1
   574    2381       2       1
   575    2383       2       1
   576    2385       2       1
   577    2387       2       1
   578    2389       2       1
   579    2391       2       1
   580    2393       2       1
   581    2395       2       1
   582    2397       2       1
   583    2399       2       1
   584    2401       2       1
   585    2403       2       1
   586    2405       2       1
   587    2407       2       1
   588    2409       2       1
   589    2411       2       1
   590    2413       2       1
   591    2415       2       1
   592    2417       2       1
   593    2419       2       1
   594    2421       2       1
   595    2423       2       1
   596    2425       2       1
   597    2427       2       1
   598    2429       2       1
   599    2431       2       1
   600    2433       2       1
   601    2435       2       1
   602    2437       2       1
   603    2439       2       1
   604    2441       2       1
   605    2443       2       1
   606    2445       2       1
   607    2447       2       1
   608    2449       2       1
   609    2451       2       1
   610    2453       2       1
   611    2455       2       1
   612    2457       2       1
   613    2459       2       1
   614    2461       2       1
   615    2463       2       1
   616    2465       2       1
   617    2467       2       1
   618    2469       2       1
   619    2471       2       1
   620    2473       2       1
   621    2475       2       1
   622    2477       2       1
   623    2479       2       1
   624    2481       2       1
   625    2483       2       1
   626    2485       2       1
   627    2487       2       1
   628    2489       2       1
   629    2491       2       1
   630    2493       2       1
   631    2495       2       1
   632    2497       2       1
   633    2499       2       1
   634    2501       2       1
   635    2503       2       1
   636    2505       2       1
   637    2507       2       1
   638    2509       2       1
   639    2511       2       1
   640    2513       2       1
   641    2515       2       1
   642    2517       2       1
   643    2519       2       1
   644    2521       2       1
   645    2523       2       1
   646    2525       2       1
   647    2527       2       1
   648    2529       2       1
   649    2531       2       1
   650    2533       2       1
   651    2535       2       1
   652    2537       2       1
   653    2539       2       1
   654    2541       2       1
   655    2543       2       1
   656    2545       2       1
   657    2547       2       1
   658    2549       2       1
   659    2551       2       1
   660    2553       2       1
   661    2555       2       1
   662    2557       2       1
   663    2559       2       1
   664    2561       2       1
   665    2563       2       1
   666    2565       2       1
   667    2567       2       1
   668    2569       2       1
   669    2571       2       1
   670    2573       2       1
   671    2575       2       1
   672    2577       2       1
   673    2579       2       1
   674    2581       2       1
   675    2583       2       1
   676    2585       2       1
   677    2587       2       1
   678    2589       2       1
   679    2591       2       1
   680    2593       2       1
   681    2595       2       1
   682    2597       2       1
   683    2599       2       1
   684    2601       2       1
   685    2603       2       1
   686    2605       2       1
   687    2607       2       1
   688    2609       2       1
   689    2611       2       1
   690    2613       2       1
   691    2615       2       1
   692    2617       2       1
   693    2619       2       1
   694    2621       2       1
   695    2623       2       1
   696    2625       2       1
   697    2627       2       1
   698    2629       2       1
   699    2631       2       1
   700    2633       2       1
   701    2635       2       1
   702    2637       2       1
   703    2639       2       1
   704    2641       2       1
   705    2643       2       1
   706    2645       2       1
   707    2648       3       1
   708    2650       2       1
   709    2652       2       1
   710    2655       3       1
   711    2657       2       1
   712    2659       2       1
   713    2661       2       1
   714    2663       2       1
   715    2666       3       1
   716    2669       3       1
   717    2671       2       1
   718    2674       3       1
   719    2677       3       1
   720    2679       2       1
   721    2681       2       1
   722    2683       2       1
   723    2685       2       1
   724    2687       2       1
   725    2689       2       1
   726    2691       2       1
   727    2693       2       1
   728    2695       2       1
   729    2697       2       1
   730    2699       2       1
   731    2701       2       1
   732    2703       2       1
   733    2705       2       1
   734    2707       2       1
   735    2709       2       1
   736    2711       2       1
   737    2713       2       1
   738    2715       2       1
   739    2717       2       1
   740    2719       2       1
   741    2721       2       1
   742    2723       2       1
   743    2725       2       1
   744    2727       2       1
   745    2729       2       1
   746    2731       2       1
   747    2733       2       1
   748    2735       2       1
   749    2737       2       1
   750    2739       2       1
   751    2741       2       1
   752    2743       2       1
   753    2745       2       1
   754    2747       2       1
   755    2749       2       1
   756    2751       2       1
   757    2753       2       1
   758    2755       2       1
   759    2757       2       1
   760    2759       2       1
   761    2761       2       1
   762    2763       2       1
   763    2765       2       1
   764    2767       2       1
   765    2769       2       1
   766    2771       2       1
   767    2773       2       1
   768    2775       2       1
   769    2777       2       1
   770    2779       2       1
   771    2781       2       1
   772    2783       2       1
   773    2785       2       1
   774    2787       2       1
   775    2789       2       1
   776    2791       2       1
   777    2793       2       1
   778    2795       2       1
   779    2797       2       1
   780    2799       2       1
   781    2801       2       1
   782    2803       2       1
   783    2805       2       1
   784    2807       2       1
   785    2809       2       1
   786    2811       2       1
   787    2813       2       1
   788    2815       2       1
   789    2817       2       1
   790    2819       2       1
   791    2821       2       1
   792    2823       2       1
   793    2825       2       1
   794    2827       2       1
   795    2829       2       1
   796    2831       2       1
   797    2833       2       1
   798    2835       2       1
   799    2837       2       1
   800    2839       2       1
   801    2841       2       1
   802    2843       2       1
   803    2845       2       1
   804    2847       2       1
   805    2849       2       1
   806    2851       2       1
   807    2853       2       1
   808    2855       2       1
   809    2857       2       1
   810    2859       2       1
   811    2861       2       1
   812    2863       2       1
   813    2865       2       1
   814    2867       2       1
   815    2869       2       1
   816    2871       2       1
   817    2873       2       1
   818    2875       2       1
   819    2877       2       1
   820    2879       2       1
   821    2881       2       1
   822    2883       2       1
   823    2885       2       1
   824    2887       2       1
   825    2889       2       1
   826    2891       2       1
   827    2893       2       1
   828    2895       2       1
   829    2897       2       1
   830    2899       2       1
   831    2901       2       1
   832    2903       2       1
   833    2905       2       1
   834    2907       2       1
   835    2909       2       1
   836    2911       2       1
   837    2913       2       1
   838    2915       2       1
   839    2917       2       1
   840    2919       2       1
   841    2921       2       1
   842    2923       2       1
   843    2925       2       1
   844    2927       2       1
   845    2929       2       1
   846    2931       2       1
   847    2933       2       1
   848    2935       2       1
   849    2937       2       1
   850    2939       2       1
   851    2941       2       1
   852    2943       2       1
   853    2945       2       1
   854    2947       2       1
   855    2949       2       1
   856    2951       2       1
   857    2953       2       1
   858    2955       2       1
   859    2957       2       1
   860    2959       2       1
   861    2961       2       1
   862    2963       2       1
   863    2965       2       1
   864    2967       2       1
   865    2969       2       1
   866    2971       2       1
   867    2973       2       1
   868    2975       2       1
   869    2977       2       1
   870    2979       2       1
   871    2981       2       1
   872    2983       2       1
   873    2985       2       1
   874    2987       2       1
   875    2989       2       1
   876    2991       2       1
   877    2993       2       1
   878    2995       2       1
   879    2997       2       1
   880    2999       2       1
   881    3001       2       1
   882    3003       2       1
   883    3005       2       1
   884    3007       2       1
   885    3009       2       1
   886    3011       2       1
   887    3013       2       1
   888    3015       2       1
   889    3017       2       1
   890    3019       2       1
   891    3021       2       1
   892    3023       2       1
   893    3025       2       1
   894    3027       2       1
   895    3029       2       1
   896    3031       2       1
   897    3033       2       1
   898    3035       2       1
   899    3037       2       1
   900    3039       2       1
   901    3041       2       1
   902    3043       2       1
   903    3045       2       1
   904    3047       2       1
   905    3049       2       1
   906    3051       2       1
   907    3053       2       1
   908    3055       2       1
   909    3057       2       1
   910    3059       2       1
   911    3061       2       1
   912    3063       2       1
   913    3065       2       1
   914    3067       2       1
   915    3069       2       1
   916    3071       2       1
   917    3073       2       1
   918    3075       2       1
   919    3077       2       1
   920    3079       2       1
   921    3081       2       1
   922    3083       2       1
   923    3085       2       1
   924    3087       2       1
   925    3089       2       1
   926    3091       2       1
   927    3093       2       1
   928    3095       2       1
   929    3097       2       1
   930    3099       2       1
   931    3101       2       1
   932    3103       2       1
   933    3105       2       1
   934    3107       2       1
   935    3109       2       1
   936    3111       2       1
   937    3113       2       1
   938    3115       2       1
   939    3117       2       1
   940    3119       2       1
   941    3121       2       1
   942    3123       2       1
   943    3125       2       1
   944    3127       2       1
   945    3129       2       1
   946    3131       2       1
   947    3133       2       1
   948    3135       2       1
   949    3137       2       1
   950    3139       2       1
   951    3141       2       1
   952    3143       2       1
   953    3145       2       1
   954    3147       2       1
   955    3149       2       1
   956    3151       2       1
   957    3153       2       1
   958    3155       2       1
   959    3157       2       1
   960    3159       2       1
   961    3161       2       1
   962    3163       2       1
   963    3165       2       1
   964    3167       2       1
   965    3169       2       1
   966    3171       2       1
   967    3173       2       1
   968    3175       2       1
   969    3177       2       1
   970    3179       2       1
   971    3181       2       1
   972    3183       2       1
   973    3185       2       1
   974    3187       2       1
   975    3189       2       1
   976    3191       2       1
   977    3193       2       1
   978    3195       2       1
   979    3197       2       1
   980    3199       2       1
   981    3201       2       1
   982    3203       2       1
   983    3205       2       1
   984    3207       2       1
   985    3209       2       1
   986    3211       2       1
   987    3213       2       1
   988    3215       2       1
   989    3217       2       1
   990    3219       2       1
   991    3221       2       1
   992    3223       2       1
   993    3225       2       1
   994    3227       2       1
   995    3229       2       1
   996    3231       2       1
   997    3233       2       1
   998    3235       2       1
   999    3237       2       1
  1000    3239       2       1
  1001    3241       2       1
  1002    3243       2       1
  1003    3245       2       1
  1004    3247       2       1
  1005    3249       2       1
  1006    3251       2       1
  1007    3253       2       1
  1008    3255       2       1
  1009    3257       2       1
  1010    3259       2       1
  1011    3261       2       1
  1012    3263       2       1
  1013    3265       2       1
  1014    3267       2       1
  1015    3269       2       1
  1016    3271       2       1
  1017    3273       2       1
  1018    3275       2       1
  1019    3277       2       1
  1020    3279       2       1
  1021    3281       2       1
  1022    3283       2       1
  1023    3285       2       1
  1024    3287       2       1
  1025    3289       2       1
  1026    3291       2       1
  1027    3293       2       1
  1028    3295       2       1
  1029    3297       2       1
  1030    3299       2       1
  1031    3301       2       1
  1032    3303       2       1
  1033    3305       2       1
  1034    3310       5       1
  1035    3312       2       1
  1036    3316       4       1
  1037    3318       2       1
  1038    3322       4       1
  1039    3324       2       1
  1040    3326       2       1
  1041    3328       2       1
  1042    3330       2       1
  1043    3332       2       1
  1044    3334       2       1
  1045    3336       2       1
  1046    3338       2       1
  1047    3340       2       1
  1048    3342       2       1
  1049    3344       2       1
  1050    3346       2       1
  1051    3348       2       1
  1052    3350       2       1
  1053    3352       2       1
  1054    3354       2       1
  1055    3356       2       1
  1056    3358       2       1
  1057    3360       2       1
  1058    3362       2       1
  1059    3364       2       1
  1060    3366       2       1
  1061    3368       2       1
  1062    3370       2       1
  1063    3372       2       1
  1064    3374       2       1
  1065    3376       2       1
  1066    3378       2       1
  1067    3380       2       1
  1068    3382       2       1
  1069    3384       2       1
  1070    3391       7       1
  1071    3396       5       1
  1072    3399       3       1
  1073    3402       3       1
  1074    3406       4       1
  1075    3408       2       1
  1076    3410       2       1
  1077    3413       3       1
  1078    3415       2       1
  1079    3421       6       1
  1080    3425       4       1
  1081    3429       4       1
  1082    3432       3       1
  1083    3437       5       1
  1084    3441       4       1
  1085    3445       4       1
  1086    3450       5       1
  1087    3454       4       1
  1088    3460       6       1
  1089    3465       5       1
  1090    3468       3       1
  1091    3472       4       1
  1092    3475       3       1
  1093    3477       2       1
  1094    3481       4       1
  1095    3483       2       1
  1096    3486       3       1
  1097    3488       2       1
  1098    3490       2       1
  1099    3493       3       1
  1100    3495       2       1
  1101    3498       3       1
  1102    3500       2       1
  1103    3503       3       1
  1104    3506       3       1
  1105    3508       2       1
  1106    3510       2       1
  1107    3513       3       1
  1108    3516       3       1
  1109    3518       2       1
  1110    3520       2       1
  1111    3523       3       1
  1112    3525       2       1
  1113    3532       7       1
  1114    3536       4       1
  1115    3538       2       1
  1116    3541       3       1
  1117    3544       3       1
  1118    3547       3       1
  1119    3550       3       1
  1120    3553       3       1
  1121    3556       3       1
  1122    3559       3       1
  1123    3562       3       1
  1124    3565       3       1
  1125    3567       2       1
  1126    3569       2       1
  1127    3571       2       1
  1128    3573       2       1
  1129    3575       2       1
  1130    3577       2       1
  1131    3579       2       1
  1132    3581       2       1
  1133    3583       2       1
  1134    3585       2       1
  1135    3587       2       1
  1136    3589       2       1
  1137    3591       2       1
  1138    3593       2       1
  1139    3595       2       1
  1140    3597       2       1
  1141    3599       2       1
  1142    3601       2       1
  1143    3603       2       1
  1144    3605       2       1
  1145    3607       2       1
  1146    3609       2       1
  1147    3611       2       1
  1148    3613       2       1
  1149    3615       2       1
  1150    3617       2       1
  1151    3619       2       1
  1152    3621       2       1
  1153    3623       2       1
  1154    3625       2       1
  1155    3628       3       1
  1156    3630       2       1
  1157    3635       5       1
  1158    3639       4       1
  1159    3642       3       1
  1160    3644       2       1
  1161    3647       3       1
  1162    3650       3       1
  1163    3652       2       1
  1164    3654       2       1
  1165    3663       9       1
  1166    3668       5       1
  1167    3672       4       1
  1168    3677       5       1
  1169    3680       3       1
  1170    3683       3       1
  1171    3686       3       1
  1172    3689       3       1
  1173    3691       2       1
  1174    3698       7       1
  1175    3703       5       1
  1176    3708       5       1
  1177    3710       2       1
  1178    3713       3       1
  1179    3715       2       1
  1180    3721       6       1
  1181    3726       5       1
  1182    3732       6       1
  1183    3737       5       1
  1184    3742       5       1
  1185    3746       4       1
  1186    3749       3       1
  1187    3752       3       1
  1188    3755       3       1
  1189    3758       3       1
  1190    3762       4       1
  1191    3765       3       1
  1192    3768       3       1
  1193    3771       3       1
  1194    3774       3       1
  1195    3776       2       1
  1196    3779       3       1
  1197    3782       3       1
  1198    3784       2       1
  1199    3786       2       1
  1200    3789       3       1
  1201    3791       2       1
  1202    3793       2       1
  1203    3796       3       1
  1204    3801       5       1
  1205    3805       4       1
  1206    3808       3       1
  1207    3812       4       1
  1208    3816       4       1
  1209    3819       3       1
  1210    3823       4       1
  1211    3827       4       1
  1212    3830       3       1
  1213    3833       3       1
  1214    3837       4       1
  1215    3840       3       1
  1216    3844       4       1
  1217    3847       3       1
  1218    3850       3       1
  1219    3854       4       1
  1220    3857       3       1
  1221    3862       5       1
  1222    3865       3       1
  1223    3868       3       1
  1224    3871       3       1
  1225    3875       4       1
  1226    3879       4       1
  1227    3883       4       1
  1228    3887       4       1
  1229    3891       4       1
  1230    3894       3       1
  1231    3898       4       1
  1232    3900       2       1
  1233    3904       4       1
  1234    3907       3       1
  1235    3910       3       1
  1236    3912       2       1
  1237    3915       3       1
  1238    3918       3       1
  1239    3924       6       1
  1240    3927       3       1
  1241    3930       3       1
  1242    3934       4       1
  1243    3938       4       1
  1244    3941       3       1
  1245    3945       4       1
  1246    3947       2       1
  1247    3950       3       1
  1248    3953       3       1
  1249    3956       3       1
  1250    3959       3       1
  1251    3962       3       1
  1252    3965       3       1
  1253    3968       3       1
  1254    3970       2       1
  1255    3973       3       1
  1256    3977       4       1
  1257    3980       3       1
  1258    3982       2       1
  1259    3992      10       1
  1260    3996       4       1
  1261    3999       3       1
  1262    4007       8       1
  1263    4012       5       1
  1264    4014       2       1
  1265    4018       4       1
  1266    4023       5       1
  1267    4026       3       1
  1268    4028       2       1
  1269    4031       3       1
  1270    4034       3       1
  1271    4037       3       1
  1272    4039       2       1
  1273    4043       4       1
  1274    4046       3       1
  1275    4049       3       1
  1276    4052       3       1
  1277    4055       3       1
  1278    4058       3       1
  1279    4061       3       1
  1280    4064       3       1
  1281    4074      10       1
  1282    4078       4       1
  1283    4081       3       1
  1284    4089       8       1
  1285    4093       4       1
  1286    4096       3       1
  1287    4102       6       1
  1288    4107       5       1
  1289    4112       5       1
  1290    4116       4       1
  1291    4119       3       1
  1292    4127       8       1
  1293    4135       8       1
  1294    4142       7       1
  1295    4149       7       1
  1296    4157       8       1
  1297    4164       7       1
  1298    4173       9       1
  1299    4179       6       1
  1300    4185       6       1
  1301    4190       5       1
  1302    4195       5       1
  1303    4200       5       1
  1304    4205       5       1
  1305    4211       6       1
  1306    4217       6       1
  1307    4223       6       1
  1308    4231       8       1
  1309    4236       5       1
  1310    4241       5       1
  1311    4245       4       1
  1312    4250       5       1
  1313    4254       4       1
  1314    4258       4       1
  1315    4262       4       1
  1316    4267       5       1
  1317    4272       5       1
  1318    4278       6       1
  1319    4285       7       1
  1320    4310      25       0
  1321    4335      25       0
  1322    4360      25       0